2026-03-02 14:30:58,384 [INFO] Configuracoes:
2026-03-02 14:30:58,385 [INFO]   DB: C:\Users\RyanCalmonIdexAnalyt\OneDrive - JGP Gestão de Crédito Ltda\Desktop\Ativos\scripts\vortx_dcm.db
2026-03-02 14:30:58,385 [INFO]   Documentos: C:\Users\RyanCalmonIdexAnalyt\OneDrive - JGP Gestão de Crédito Ltda\Desktop\Ativos\scripts\documentos
2026-03-02 14:30:58,385 [INFO]   Logs: C:\Users\RyanCalmonIdexAnalyt\OneDrive - JGP Gestão de Crédito Ltda\Desktop\Ativos\scripts\logs\scraper_20260302_143058.log
2026-03-02 14:30:58,385 [INFO]   Modo: Scrape completo
2026-03-02 14:30:58,385 [INFO] ============================================================
2026-03-02 14:30:58,386 [INFO] INICIO - Scrape completo Vortx DCM
2026-03-02 14:30:58,386 [INFO] ============================================================
2026-03-02 14:30:58,388 [INFO] Banco de dados inicializado: C:\Users\RyanCalmonIdexAnalyt\OneDrive - JGP Gestão de Crédito Ltda\Desktop\Ativos\scripts\vortx_dcm.db
2026-03-02 14:30:59,424 [INFO] Chrome WebDriver inicializado (headless).
2026-03-02 14:30:59,424 [INFO] -- Fase 1: Coleta da listagem --
2026-03-02 14:31:03,410 [INFO] Banner de cookies fechado.
2026-03-02 14:31:03,995 [INFO] Total de paginas detectado: 807
2026-03-02 14:31:03,996 [INFO] Iniciando coleta de 1 paginas de listagem.
2026-03-02 14:31:03,996 [INFO] Acessando pagina 1: https://www.vortx.com.br/investidor/dcm?pagina=1
2026-03-02 14:31:10,397 [INFO] Encontradas 10 linhas na tabela (pagina 1)
2026-03-02 14:31:10,848 [INFO] Coleta de listagem completa: 10 emissoes em 1 paginas.
2026-03-02 14:31:10,848 [INFO] -- Fase 2: Detalhes das emissoes --
2026-03-02 14:31:10,849 [INFO] Processando detalhes de 19 emissoes.
2026-03-02 14:31:31,559 [INFO]   PU: 20 registros para RESERVA RAPOSO
2026-03-02 14:32:29,846 [INFO]   PU: 20 registros para NOVONOR
2026-03-02 14:32:53,435 [INFO]   PU: 20 registros para FGTS II CAIXA
2026-03-02 14:33:16,787 [INFO]   PU: 20 registros para FGTS CAIXA
2026-03-02 14:33:34,896 [INFO]   PU: 10 registros para HSI GRANJA VIANNA DI
2026-03-02 14:34:01,648 [INFO]   PU: 20 registros para FRIALTO
2026-03-02 14:34:28,763 [INFO]   PU: 20 registros para OURO PRETO
2026-03-02 14:34:48,568 [WARNING] Erro ao extrair detalhes de LEST: UNIQUE constraint failed: emissoes.codigo_if, emissoes.codigo_isin, emissoes.numero_emissao, emissoes.serie
2026-03-02 14:35:01,341 [INFO]   PU: 20 registros para LEST
2026-03-02 14:35:10,362 [WARNING] Erro ao extrair detalhes de MONTANINI: UNIQUE constraint failed: emissoes.codigo_if, emissoes.codigo_isin, emissoes.numero_emissao, emissoes.serie
2026-03-02 14:35:23,365 [INFO]   PU: 20 registros para MONTANINI
2026-03-02 14:35:30,611 [WARNING] Erro ao extrair detalhes de NOVONOR: UNIQUE constraint failed: emissoes.codigo_if, emissoes.codigo_isin, emissoes.numero_emissao, emissoes.serie
2026-03-02 14:35:43,270 [INFO]   PU: 20 registros para NOVONOR
2026-03-02 14:35:50,317 [WARNING] Erro ao extrair detalhes de FGTS II CAIXA: UNIQUE constraint failed: emissoes.codigo_if, emissoes.codigo_isin, emissoes.numero_emissao, emissoes.serie
2026-03-02 14:36:03,064 [INFO]   PU: 20 registros para FGTS II CAIXA
2026-03-02 14:36:10,042 [WARNING] Erro ao extrair detalhes de FGTS CAIXA: UNIQUE constraint failed: emissoes.codigo_if, emissoes.codigo_isin, emissoes.numero_emissao, emissoes.serie
2026-03-02 14:36:22,744 [INFO]   PU: 20 registros para FGTS CAIXA
2026-03-02 14:36:29,720 [WARNING] Erro ao extrair detalhes de HSI GRANJA VIANNA DI: UNIQUE constraint failed: emissoes.codigo_if, emissoes.codigo_isin, emissoes.numero_emissao, emissoes.serie
2026-03-02 14:36:42,314 [INFO]   PU: 20 registros para HSI GRANJA VIANNA DI
2026-03-02 14:36:49,277 [WARNING] Erro ao extrair detalhes de FRIALTO: UNIQUE constraint failed: emissoes.codigo_if, emissoes.codigo_isin, emissoes.numero_emissao, emissoes.serie
2026-03-02 14:36:55,474 [INFO] Interrompido pelo usuário.
2026-03-02 14:36:55,476 [WARNING] Retrying (Retry(total=2, connect=None, read=None, redirect=None, status=None)) after connection broken by 'ConnectionResetError(10054, 'An existing connection was forcibly closed by the remote host', None, 10054, None)': /session/0e827f80b246b4cb264808d31f705e1f
2026-03-02 14:36:59,555 [WARNING] Retrying (Retry(total=1, connect=None, read=None, redirect=None, status=None)) after connection broken by 'NewConnectionError("HTTPConnection(host='localhost', port=56419): Failed to establish a new connection: [WinError 10061] No connection could be made because the target machine actively refused it")': /session/0e827f80b246b4cb264808d31f705e1f
2026-03-02 14:37:03,611 [WARNING] Retrying (Retry(total=0, connect=None, read=None, redirect=None, status=None)) after connection broken by 'NewConnectionError("HTTPConnection(host='localhost', port=56419): Failed to establish a new connection: [WinError 10061] No connection could be made because the target machine actively refused it")': /session/0e827f80b246b4cb264808d31f705e1f
